{"/Users/user/Sites/sc-forks/melonproject/protocol/contracts/assets/Asset.sol":{"l":{},"path":"/Users/user/Sites/sc-forks/melonproject/protocol/contracts/assets/Asset.sol","s":{"1":0,"2":10,"3":40,"4":5,"5":5,"6":5},"b":{},"f":{"1":0,"2":10,"3":40,"4":5},"fnMap":{"1":{"name":"getName","line":18,"loc":{"start":{"line":18,"column":4},"end":{"line":18,"column":47}}},"2":{"name":"getSymbol","line":20,"loc":{"start":{"line":20,"column":4},"end":{"line":20,"column":49}}},"3":{"name":"getDecimals","line":22,"loc":{"start":{"line":22,"column":4},"end":{"line":22,"column":49}}},"4":{"name":"Asset","line":26,"loc":{"start":{"line":26,"column":4},"end":{"line":26,"column":63}}}},"statementMap":{"1":{"start":{"line":18,"column":51},"end":{"line":18,"column":62}},"2":{"start":{"line":20,"column":53},"end":{"line":20,"column":66}},"3":{"start":{"line":22,"column":53},"end":{"line":22,"column":68}},"4":{"start":{"line":27,"column":8},"end":{"line":27,"column":19}},"5":{"start":{"line":28,"column":8},"end":{"line":28,"column":23}},"6":{"start":{"line":29,"column":8},"end":{"line":29,"column":27}}},"branchMap":{}},"/Users/user/Sites/sc-forks/melonproject/protocol/contracts/assets/AssetProtocol.sol":{"l":{},"path":"/Users/user/Sites/sc-forks/melonproject/protocol/contracts/assets/AssetProtocol.sol","s":{},"b":{},"f":{"1":0,"2":0,"3":0},"fnMap":{"1":{"name":"getName","line":11,"loc":{"start":{"line":11,"column":2},"end":{"line":11,"column":47}}},"2":{"name":"getSymbol","line":12,"loc":{"start":{"line":12,"column":2},"end":{"line":12,"column":49}}},"3":{"name":"getDecimals","line":13,"loc":{"start":{"line":13,"column":2},"end":{"line":13,"column":49}}}},"statementMap":{},"branchMap":{}},"/Users/user/Sites/sc-forks/melonproject/protocol/contracts/assets/BitcoinToken.sol":{"l":{},"path":"/Users/user/Sites/sc-forks/melonproject/protocol/contracts/assets/BitcoinToken.sol","s":{},"b":{},"f":{"1":1},"fnMap":{"1":{"name":"BitcoinToken","line":20,"loc":{"start":{"line":20,"column":4},"end":{"line":22,"column":6}}}},"statementMap":{},"branchMap":{}},"/Users/user/Sites/sc-forks/melonproject/protocol/contracts/assets/DigixDaoToken.sol":{"l":{},"path":"/Users/user/Sites/sc-forks/melonproject/protocol/contracts/assets/DigixDaoToken.sol","s":{},"b":{},"f":{"1":0},"fnMap":{"1":{"name":"DigixDaoToken","line":20,"loc":{"start":{"line":20,"column":4},"end":{"line":22,"column":6}}}},"statementMap":{},"branchMap":{}},"/Users/user/Sites/sc-forks/melonproject/protocol/contracts/assets/DigixGoldToken.sol":{"l":{},"path":"/Users/user/Sites/sc-forks/melonproject/protocol/contracts/assets/DigixGoldToken.sol","s":{},"b":{},"f":{"1":0},"fnMap":{"1":{"name":"DigixGoldToken","line":20,"loc":{"start":{"line":20,"column":4},"end":{"line":22,"column":6}}}},"statementMap":{},"branchMap":{}},"/Users/user/Sites/sc-forks/melonproject/protocol/contracts/assets/EtherToken.sol":{"l":{"27":0,"28":0,"45":4,"46":4,"47":4,"55":0,"56":0,"57":0,"58":0},"path":"/Users/user/Sites/sc-forks/melonproject/protocol/contracts/assets/EtherToken.sol","s":{"1":0,"2":0,"3":4,"4":4,"5":4,"6":0,"7":0,"8":0,"9":0},"b":{},"f":{"1":0,"2":1,"3":0,"4":4,"5":0},"fnMap":{"1":{"name":"balances_msg_sender_at_least","line":26,"loc":{"start":{"line":26,"column":4},"end":{"line":26,"column":48}}},"2":{"name":"EtherToken","line":33,"loc":{"start":{"line":33,"column":4},"end":{"line":35,"column":6}}},"3":{"name":null,"line":38,"loc":{"start":{"line":38,"column":4},"end":{"line":38,"column":21}}},"4":{"name":"deposit","line":41,"loc":{"start":{"line":41,"column":4},"end":{"line":44,"column":6}}},"5":{"name":"withdraw","line":51,"loc":{"start":{"line":51,"column":4},"end":{"line":54,"column":6}}}},"statementMap":{"1":{"start":{"line":27,"column":8},"end":{"line":27,"column":40}},"2":{"start":{"line":38,"column":25},"end":{"line":38,"column":33}},"3":{"start":{"line":45,"column":8},"end":{"line":45,"column":70}},"4":{"start":{"line":46,"column":8},"end":{"line":46,"column":37}},"5":{"start":{"line":47,"column":8},"end":{"line":47,"column":19}},"6":{"start":{"line":55,"column":8},"end":{"line":55,"column":67}},"7":{"start":{"line":56,"column":8},"end":{"line":56,"column":38}},"8":{"start":{"line":57,"column":8},"end":{"line":57,"column":37}},"9":{"start":{"line":58,"column":8},"end":{"line":58,"column":19}}},"branchMap":{}},"/Users/user/Sites/sc-forks/melonproject/protocol/contracts/assets/EuroToken.sol":{"l":{},"path":"/Users/user/Sites/sc-forks/melonproject/protocol/contracts/assets/EuroToken.sol","s":{},"b":{},"f":{"1":1},"fnMap":{"1":{"name":"EuroToken","line":20,"loc":{"start":{"line":20,"column":4},"end":{"line":22,"column":6}}}},"statementMap":{},"branchMap":{}},"/Users/user/Sites/sc-forks/melonproject/protocol/contracts/assets/MelonToken.sol":{"l":{},"path":"/Users/user/Sites/sc-forks/melonproject/protocol/contracts/assets/MelonToken.sol","s":{},"b":{},"f":{"1":1},"fnMap":{"1":{"name":"MelonToken","line":20,"loc":{"start":{"line":20,"column":4},"end":{"line":22,"column":6}}}},"statementMap":{},"branchMap":{}},"/Users/user/Sites/sc-forks/melonproject/protocol/contracts/assets/PreminedAsset.sol":{"l":{"23":5,"24":5},"path":"/Users/user/Sites/sc-forks/melonproject/protocol/contracts/assets/PreminedAsset.sol","s":{"1":5,"2":5},"b":{},"f":{"1":5},"fnMap":{"1":{"name":"PreminedAsset","line":20,"loc":{"start":{"line":20,"column":4},"end":{"line":22,"column":6}}}},"statementMap":{"1":{"start":{"line":23,"column":8},"end":{"line":23,"column":68}},"2":{"start":{"line":24,"column":8},"end":{"line":24,"column":50}}},"branchMap":{}},"/Users/user/Sites/sc-forks/melonproject/protocol/contracts/assets/RepToken.sol":{"l":{},"path":"/Users/user/Sites/sc-forks/melonproject/protocol/contracts/assets/RepToken.sol","s":{},"b":{},"f":{"1":1},"fnMap":{"1":{"name":"RepToken","line":20,"loc":{"start":{"line":20,"column":4},"end":{"line":22,"column":6}}}},"statementMap":{},"branchMap":{}},"/Users/user/Sites/sc-forks/melonproject/protocol/contracts/datafeeds/PriceFeed.sol":{"l":{"52":0,"63":42,"74":0,"84":1,"98":5,"100":25,"104":25},"path":"/Users/user/Sites/sc-forks/melonproject/protocol/contracts/datafeeds/PriceFeed.sol","s":{"1":43,"2":42,"3":5,"4":60,"5":1,"6":0,"7":0,"8":42,"9":0,"10":1,"11":5,"12":25,"13":25,"14":25},"b":{},"f":{"1":43,"2":42,"3":5,"4":60,"5":1,"6":0,"7":0,"8":42,"9":0,"10":1,"11":5},"fnMap":{"1":{"name":"isDataSet","line":35,"loc":{"start":{"line":35,"column":4},"end":{"line":35,"column":62}}},"2":{"name":"isDataValid","line":36,"loc":{"start":{"line":36,"column":4},"end":{"line":36,"column":64}}},"3":{"name":"isEqualLength","line":37,"loc":{"start":{"line":37,"column":4},"end":{"line":37,"column":72}}},"4":{"name":"getQuoteAsset","line":41,"loc":{"start":{"line":41,"column":4},"end":{"line":41,"column":54}}},"5":{"name":"getFrequency","line":42,"loc":{"start":{"line":42,"column":4},"end":{"line":42,"column":50}}},"6":{"name":"getValidity","line":43,"loc":{"start":{"line":43,"column":4},"end":{"line":43,"column":49}}},"7":{"name":"getStatus","line":47,"loc":{"start":{"line":47,"column":4},"end":{"line":51,"column":6}}},"8":{"name":"getPrice","line":57,"loc":{"start":{"line":57,"column":4},"end":{"line":62,"column":6}}},"9":{"name":"getData","line":68,"loc":{"start":{"line":68,"column":4},"end":{"line":73,"column":6}}},"10":{"name":"PriceFeed","line":81,"loc":{"start":{"line":81,"column":4},"end":{"line":83,"column":6}}},"11":{"name":"updatePrice","line":94,"loc":{"start":{"line":94,"column":4},"end":{"line":97,"column":6}}}},"statementMap":{"1":{"start":{"line":35,"column":66},"end":{"line":35,"column":100}},"2":{"start":{"line":36,"column":68},"end":{"line":36,"column":116}},"3":{"start":{"line":37,"column":76},"end":{"line":37,"column":103}},"4":{"start":{"line":41,"column":58},"end":{"line":41,"column":75}},"5":{"start":{"line":42,"column":54},"end":{"line":42,"column":70}},"6":{"start":{"line":43,"column":53},"end":{"line":43,"column":68}},"7":{"start":{"line":52,"column":8},"end":{"line":52,"column":56}},"8":{"start":{"line":63,"column":8},"end":{"line":63,"column":34}},"9":{"start":{"line":74,"column":8},"end":{"line":74,"column":61}},"10":{"start":{"line":84,"column":8},"end":{"line":84,"column":33}},"11":{"start":{"line":98,"column":8},"end":{"line":98,"column":3672}},"12":{"start":{"line":99,"column":12},"end":{"line":99,"column":53}},"13":{"start":{"line":100,"column":12},"end":{"line":100,"column":3867}},"14":{"start":{"line":104,"column":12},"end":{"line":104,"column":55}}},"branchMap":{}},"/Users/user/Sites/sc-forks/melonproject/protocol/contracts/datafeeds/PriceFeedProtocol.sol":{"l":{},"path":"/Users/user/Sites/sc-forks/melonproject/protocol/contracts/datafeeds/PriceFeedProtocol.sol","s":{},"b":{},"f":{"1":0,"2":0,"3":0,"4":0,"5":0,"6":0,"7":0,"8":0},"fnMap":{"1":{"name":"getQuoteAsset","line":11,"loc":{"start":{"line":11,"column":4},"end":{"line":11,"column":54}}},"2":{"name":"getFrequency","line":12,"loc":{"start":{"line":12,"column":4},"end":{"line":12,"column":50}}},"3":{"name":"getValidity","line":13,"loc":{"start":{"line":13,"column":4},"end":{"line":13,"column":49}}},"4":{"name":"getStatus","line":14,"loc":{"start":{"line":14,"column":4},"end":{"line":14,"column":62}}},"5":{"name":"getPrice","line":15,"loc":{"start":{"line":15,"column":4},"end":{"line":15,"column":61}}},"6":{"name":"getTimestamp","line":16,"loc":{"start":{"line":16,"column":4},"end":{"line":16,"column":65}}},"7":{"name":"getData","line":17,"loc":{"start":{"line":17,"column":4},"end":{"line":17,"column":66}}},"8":{"name":"updatePrice","line":25,"loc":{"start":{"line":25,"column":4},"end":{"line":25,"column":61}}}},"statementMap":{},"branchMap":{}},"/Users/user/Sites/sc-forks/melonproject/protocol/contracts/dependencies/AddIncentive.sol":{"l":{"22":0,"23":0},"path":"/Users/user/Sites/sc-forks/melonproject/protocol/contracts/dependencies/AddIncentive.sol","s":{"1":0,"2":0,"3":0},"b":{},"f":{"1":0,"2":0},"fnMap":{"1":{"name":"msgValueAtLeast","line":16,"loc":{"start":{"line":16,"column":4},"end":{"line":16,"column":59}}},"2":{"name":"AddIncentive","line":20,"loc":{"start":{"line":20,"column":4},"end":{"line":21,"column":6}}}},"statementMap":{"1":{"start":{"line":16,"column":63},"end":{"line":16,"column":84}},"2":{"start":{"line":22,"column":8},"end":{"line":22,"column":25}},"3":{"start":{"line":23,"column":8},"end":{"line":23,"column":19}}},"branchMap":{}},"/Users/user/Sites/sc-forks/melonproject/protocol/contracts/dependencies/BackupOwned.sol":{"l":{"28":1,"38":0,"39":0,"49":0},"path":"/Users/user/Sites/sc-forks/melonproject/protocol/contracts/dependencies/BackupOwned.sol","s":{"1":0,"2":0,"3":0,"4":1,"5":0,"6":0,"7":0},"b":{},"f":{"1":0,"2":0,"3":0,"4":1,"5":0,"6":0},"fnMap":{"1":{"name":"isBackupOwner","line":19,"loc":{"start":{"line":19,"column":4},"end":{"line":19,"column":51}}},"2":{"name":"backupOwnerIs","line":20,"loc":{"start":{"line":20,"column":4},"end":{"line":20,"column":60}}},"3":{"name":"isNotNullAddress","line":21,"loc":{"start":{"line":21,"column":4},"end":{"line":21,"column":63}}},"4":{"name":"BackupOwned","line":25,"loc":{"start":{"line":25,"column":4},"end":{"line":27,"column":6}}},"5":{"name":"useBackup","line":33,"loc":{"start":{"line":33,"column":4},"end":{"line":37,"column":6}}},"6":{"name":"setNewBackup","line":44,"loc":{"start":{"line":44,"column":4},"end":{"line":48,"column":6}}}},"statementMap":{"1":{"start":{"line":19,"column":55},"end":{"line":19,"column":87}},"2":{"start":{"line":20,"column":64},"end":{"line":20,"column":87}},"3":{"start":{"line":21,"column":67},"end":{"line":21,"column":80}},"4":{"start":{"line":28,"column":8},"end":{"line":28,"column":34}},"5":{"start":{"line":38,"column":8},"end":{"line":38,"column":25}},"6":{"start":{"line":39,"column":8},"end":{"line":39,"column":37}},"7":{"start":{"line":49,"column":8},"end":{"line":49,"column":37}}},"branchMap":{}},"/Users/user/Sites/sc-forks/melonproject/protocol/contracts/dependencies/DBC.sol":{"l":{"11":158,"12":157,"16":0,"17":0,"21":0,"22":0,"23":0},"path":"/Users/user/Sites/sc-forks/melonproject/protocol/contracts/dependencies/DBC.sol","s":{"1":158,"2":0,"3":0,"4":0},"b":{},"f":{"1":158,"2":0,"3":0},"fnMap":{"1":{"name":"pre_cond","line":10,"loc":{"start":{"line":10,"column":4},"end":{"line":10,"column":36}}},"2":{"name":"post_cond","line":15,"loc":{"start":{"line":15,"column":4},"end":{"line":15,"column":37}}},"3":{"name":"invariant","line":20,"loc":{"start":{"line":20,"column":4},"end":{"line":20,"column":37}}}},"statementMap":{"1":{"start":{"line":11,"column":8},"end":{"line":11,"column":25}},"2":{"start":{"line":17,"column":8},"end":{"line":17,"column":24}},"3":{"start":{"line":21,"column":8},"end":{"line":21,"column":25}},"4":{"start":{"line":23,"column":8},"end":{"line":23,"column":24}}},"branchMap":{}},"/Users/user/Sites/sc-forks/melonproject/protocol/contracts/dependencies/ERC20.sol":{"l":{"12":9,"13":9,"14":9,"15":9,"16":9,"21":19,"22":18,"23":18,"24":18,"25":18,"26":18,"31":99,"35":26,"36":26,"37":26,"41":6},"path":"/Users/user/Sites/sc-forks/melonproject/protocol/contracts/dependencies/ERC20.sol","s":{"1":9,"2":9,"3":9,"4":9,"5":9,"6":0,"7":19,"8":18,"9":18,"10":18,"11":18,"12":18,"13":1,"14":99,"15":26,"16":26,"17":26,"18":6},"b":{"1":[9,0],"2":[18,1]},"f":{"1":9,"2":19,"3":99,"4":26,"5":6},"fnMap":{"1":{"name":"transfer","line":11,"loc":{"start":{"line":11,"column":4},"end":{"line":11,"column":72}}},"2":{"name":"transferFrom","line":20,"loc":{"start":{"line":20,"column":4},"end":{"line":20,"column":91}}},"3":{"name":"balanceOf","line":30,"loc":{"start":{"line":30,"column":4},"end":{"line":30,"column":72}}},"4":{"name":"approve","line":34,"loc":{"start":{"line":34,"column":4},"end":{"line":34,"column":76}}},"5":{"name":"allowance","line":40,"loc":{"start":{"line":40,"column":4},"end":{"line":40,"column":92}}}},"statementMap":{"1":{"start":{"line":12,"column":8},"end":{"line":12,"column":397}},"2":{"start":{"line":13,"column":12},"end":{"line":13,"column":41}},"3":{"start":{"line":14,"column":12},"end":{"line":14,"column":34}},"4":{"start":{"line":15,"column":12},"end":{"line":15,"column":44}},"5":{"start":{"line":16,"column":12},"end":{"line":16,"column":23}},"6":{"start":{"line":17,"column":17},"end":{"line":17,"column":29}},"7":{"start":{"line":21,"column":8},"end":{"line":21,"column":773}},"8":{"start":{"line":22,"column":12},"end":{"line":22,"column":34}},"9":{"start":{"line":23,"column":12},"end":{"line":23,"column":36}},"10":{"start":{"line":24,"column":12},"end":{"line":24,"column":47}},"11":{"start":{"line":25,"column":12},"end":{"line":25,"column":39}},"12":{"start":{"line":26,"column":12},"end":{"line":26,"column":23}},"13":{"start":{"line":27,"column":17},"end":{"line":27,"column":29}},"14":{"start":{"line":31,"column":8},"end":{"line":31,"column":31}},"15":{"start":{"line":35,"column":8},"end":{"line":35,"column":45}},"16":{"start":{"line":36,"column":8},"end":{"line":36,"column":45}},"17":{"start":{"line":37,"column":8},"end":{"line":37,"column":19}},"18":{"start":{"line":41,"column":8},"end":{"line":41,"column":40}}},"branchMap":{"1":{"line":12,"type":"if","locations":[{"start":{"line":12,"column":8},"end":{"line":12,"column":8}},{"start":{"line":12,"column":8},"end":{"line":12,"column":8}}]},"2":{"line":21,"type":"if","locations":[{"start":{"line":21,"column":8},"end":{"line":21,"column":8}},{"start":{"line":21,"column":8},"end":{"line":21,"column":8}}]}}},"/Users/user/Sites/sc-forks/melonproject/protocol/contracts/dependencies/ERC20Protocol.sol":{"l":{},"path":"/Users/user/Sites/sc-forks/melonproject/protocol/contracts/dependencies/ERC20Protocol.sol","s":{},"b":{},"f":{"1":0,"2":0,"3":0,"4":0,"5":0,"6":0},"fnMap":{"1":{"name":"totalSupply","line":10,"loc":{"start":{"line":10,"column":4},"end":{"line":10,"column":64}}},"2":{"name":"balanceOf","line":11,"loc":{"start":{"line":11,"column":4},"end":{"line":11,"column":72}}},"3":{"name":"allowance","line":12,"loc":{"start":{"line":12,"column":4},"end":{"line":12,"column":92}}},"4":{"name":"transfer","line":16,"loc":{"start":{"line":16,"column":4},"end":{"line":16,"column":72}}},"5":{"name":"transferFrom","line":17,"loc":{"start":{"line":17,"column":4},"end":{"line":17,"column":91}}},"6":{"name":"approve","line":18,"loc":{"start":{"line":18,"column":4},"end":{"line":18,"column":76}}}},"statementMap":{},"branchMap":{}},"/Users/user/Sites/sc-forks/melonproject/protocol/contracts/dependencies/MutexUser.sol":{"l":{"12":10,"13":10,"14":10,"15":10},"path":"/Users/user/Sites/sc-forks/melonproject/protocol/contracts/dependencies/MutexUser.sol","s":{"1":10,"2":10,"3":10},"b":{},"f":{"1":10},"fnMap":{"1":{"name":"exclusive","line":11,"loc":{"start":{"line":11,"column":4},"end":{"line":11,"column":21}}}},"statementMap":{"1":{"start":{"line":12,"column":8},"end":{"line":12,"column":20}},"2":{"start":{"line":13,"column":8},"end":{"line":13,"column":18}},"3":{"start":{"line":15,"column":8},"end":{"line":15,"column":19}}},"branchMap":{}},"/Users/user/Sites/sc-forks/melonproject/protocol/contracts/dependencies/Owned.sol":{"l":{"15":8,"21":13},"path":"/Users/user/Sites/sc-forks/melonproject/protocol/contracts/dependencies/Owned.sol","s":{"1":8,"2":13},"b":{},"f":{"1":8,"2":13},"fnMap":{"1":{"name":"isOwner","line":11,"loc":{"start":{"line":11,"column":4},"end":{"line":14,"column":6}}},"2":{"name":"Owned","line":20,"loc":{"start":{"line":20,"column":4},"end":{"line":20,"column":19}}}},"statementMap":{"1":{"start":{"line":15,"column":8},"end":{"line":15,"column":34}},"2":{"start":{"line":21,"column":8},"end":{"line":21,"column":25}}},"branchMap":{}},"/Users/user/Sites/sc-forks/melonproject/protocol/contracts/dependencies/SafeMath.sol":{"l":{"9":6,"10":6,"11":6,"15":20,"16":20,"20":74,"21":74,"22":74},"path":"/Users/user/Sites/sc-forks/melonproject/protocol/contracts/dependencies/SafeMath.sol","s":{"1":6,"2":6,"3":6,"4":20,"5":20,"6":74,"7":74,"8":74},"b":{},"f":{"1":6,"2":20,"3":74},"fnMap":{"1":{"name":"safeMul","line":8,"loc":{"start":{"line":8,"column":4},"end":{"line":8,"column":59}}},"2":{"name":"safeSub","line":14,"loc":{"start":{"line":14,"column":4},"end":{"line":14,"column":59}}},"3":{"name":"safeAdd","line":19,"loc":{"start":{"line":19,"column":4},"end":{"line":19,"column":59}}}},"statementMap":{"1":{"start":{"line":9,"column":8},"end":{"line":9,"column":21}},"2":{"start":{"line":10,"column":8},"end":{"line":10,"column":35}},"3":{"start":{"line":11,"column":8},"end":{"line":11,"column":16}},"4":{"start":{"line":15,"column":8},"end":{"line":15,"column":21}},"5":{"start":{"line":16,"column":8},"end":{"line":16,"column":20}},"6":{"start":{"line":20,"column":8},"end":{"line":20,"column":21}},"7":{"start":{"line":21,"column":8},"end":{"line":21,"column":27}},"8":{"start":{"line":22,"column":8},"end":{"line":22,"column":16}}},"branchMap":{}},"/Users/user/Sites/sc-forks/melonproject/protocol/contracts/exchange/Exchange.sol":{"l":{"45":5,"46":5,"62":1,"63":1,"64":1,"82":5,"83":5,"84":5,"85":5,"86":5,"87":5,"88":5,"89":5,"90":5,"91":5,"92":5,"93":5,"104":3,"107":3,"108":3,"110":0,"112":3,"114":1,"115":1,"117":1,"118":1,"120":2,"122":0,"123":0,"124":0,"126":0,"127":0,"130":2,"141":2,"142":2,"143":2,"144":2,"145":2},"path":"/Users/user/Sites/sc-forks/melonproject/protocol/contracts/exchange/Exchange.sol","s":{"1":10,"2":10,"3":5,"4":5,"5":2,"6":8,"7":5,"8":5,"9":5,"10":5,"11":5,"12":1,"13":1,"14":1,"15":5,"16":5,"17":5,"18":5,"19":5,"20":5,"21":5,"22":5,"23":5,"24":5,"25":5,"26":3,"27":3,"28":3,"29":0,"30":3,"31":1,"32":1,"33":1,"34":2,"35":0,"36":0,"37":0,"38":0,"39":0,"40":2,"41":2,"42":2,"43":2,"44":2},"b":{"1":[0,3],"2":[1,2],"3":[0,2]},"f":{"1":10,"2":10,"3":5,"4":5,"5":2,"6":8,"7":5,"8":5,"9":5,"10":5,"11":1,"12":5,"13":3,"14":2},"fnMap":{"1":{"name":"isPastZero","line":33,"loc":{"start":{"line":33,"column":4},"end":{"line":33,"column":54}}},"2":{"name":"isSet","line":34,"loc":{"start":{"line":34,"column":4},"end":{"line":34,"column":52}}},"3":{"name":"notEqual","line":35,"loc":{"start":{"line":35,"column":4},"end":{"line":35,"column":66}}},"4":{"name":"isOfferActive","line":36,"loc":{"start":{"line":36,"column":4},"end":{"line":36,"column":58}}},"5":{"name":"onlyOfferOwner","line":37,"loc":{"start":{"line":37,"column":4},"end":{"line":37,"column":59}}},"6":{"name":"getLastOrderId","line":41,"loc":{"start":{"line":41,"column":4},"end":{"line":41,"column":52}}},"7":{"name":"isActive","line":42,"loc":{"start":{"line":42,"column":4},"end":{"line":42,"column":53}}},"8":{"name":"getOwner","line":43,"loc":{"start":{"line":43,"column":4},"end":{"line":43,"column":56}}},"9":{"name":"getOrder","line":44,"loc":{"start":{"line":44,"column":4},"end":{"line":44,"column":73}}},"10":{"name":"next_id","line":52,"loc":{"start":{"line":52,"column":4},"end":{"line":52,"column":45}}},"11":{"name":"trade","line":56,"loc":{"start":{"line":56,"column":4},"end":{"line":61,"column":6}}},"12":{"name":"make","line":70,"loc":{"start":{"line":70,"column":4},"end":{"line":81,"column":6}}},"13":{"name":"take","line":98,"loc":{"start":{"line":98,"column":4},"end":{"line":102,"column":6}}},"14":{"name":"cancel","line":134,"loc":{"start":{"line":134,"column":4},"end":{"line":139,"column":6}}}},"statementMap":{"1":{"start":{"line":33,"column":58},"end":{"line":33,"column":70}},"2":{"start":{"line":34,"column":56},"end":{"line":34,"column":69}},"3":{"start":{"line":35,"column":70},"end":{"line":35,"column":83}},"4":{"start":{"line":36,"column":62},"end":{"line":36,"column":81}},"5":{"start":{"line":37,"column":63},"end":{"line":37,"column":96}},"6":{"start":{"line":41,"column":56},"end":{"line":41,"column":74}},"7":{"start":{"line":42,"column":57},"end":{"line":42,"column":81}},"8":{"start":{"line":43,"column":60},"end":{"line":43,"column":83}},"9":{"start":{"line":45,"column":6},"end":{"line":45,"column":28}},"10":{"start":{"line":46,"column":6},"end":{"line":46,"column":1684}},"11":{"start":{"line":53,"column":23},"end":{"line":53,"column":41}},"12":{"start":{"line":62,"column":8},"end":{"line":62,"column":72}},"13":{"start":{"line":63,"column":8},"end":{"line":63,"column":62}},"14":{"start":{"line":64,"column":8},"end":{"line":64,"column":76}},"15":{"start":{"line":83,"column":8},"end":{"line":83,"column":41}},"16":{"start":{"line":84,"column":8},"end":{"line":84,"column":47}},"17":{"start":{"line":85,"column":8},"end":{"line":85,"column":39}},"18":{"start":{"line":86,"column":8},"end":{"line":86,"column":45}},"19":{"start":{"line":87,"column":8},"end":{"line":87,"column":27}},"20":{"start":{"line":88,"column":8},"end":{"line":88,"column":30}},"21":{"start":{"line":89,"column":8},"end":{"line":89,"column":25}},"22":{"start":{"line":90,"column":8},"end":{"line":90,"column":21}},"23":{"start":{"line":91,"column":8},"end":{"line":91,"column":24}},"24":{"start":{"line":92,"column":8},"end":{"line":92,"column":82}},"25":{"start":{"line":93,"column":8},"end":{"line":93,"column":22}},"26":{"start":{"line":104,"column":8},"end":{"line":104,"column":42}},"27":{"start":{"line":107,"column":8},"end":{"line":107,"column":79}},"28":{"start":{"line":108,"column":8},"end":{"line":108,"column":3814}},"29":{"start":{"line":110,"column":12},"end":{"line":110,"column":24}},"30":{"start":{"line":112,"column":8},"end":{"line":112,"column":3976}},"31":{"start":{"line":115,"column":12},"end":{"line":115,"column":4190}},"32":{"start":{"line":117,"column":12},"end":{"line":117,"column":26}},"33":{"start":{"line":118,"column":12},"end":{"line":118,"column":23}},"34":{"start":{"line":120,"column":8},"end":{"line":120,"column":4326}},"35":{"start":{"line":122,"column":12},"end":{"line":122,"column":76}},"36":{"start":{"line":123,"column":12},"end":{"line":123,"column":71}},"37":{"start":{"line":124,"column":12},"end":{"line":124,"column":4631}},"38":{"start":{"line":126,"column":12},"end":{"line":126,"column":26}},"39":{"start":{"line":127,"column":12},"end":{"line":127,"column":23}},"40":{"start":{"line":130,"column":8},"end":{"line":130,"column":20}},"41":{"start":{"line":141,"column":8},"end":{"line":141,"column":42}},"42":{"start":{"line":143,"column":8},"end":{"line":143,"column":80}},"43":{"start":{"line":144,"column":8},"end":{"line":144,"column":22}},"44":{"start":{"line":145,"column":8},"end":{"line":145,"column":19}}},"branchMap":{"1":{"line":108,"type":"if","locations":[{"start":{"line":108,"column":8},"end":{"line":108,"column":8}},{"start":{"line":108,"column":8},"end":{"line":108,"column":8}}]},"2":{"line":112,"type":"if","locations":[{"start":{"line":112,"column":8},"end":{"line":112,"column":8}},{"start":{"line":112,"column":8},"end":{"line":112,"column":8}}]},"3":{"line":120,"type":"if","locations":[{"start":{"line":120,"column":8},"end":{"line":120,"column":8}},{"start":{"line":120,"column":8},"end":{"line":120,"column":8}}]}}},"/Users/user/Sites/sc-forks/melonproject/protocol/contracts/exchange/ExchangeProtocol.sol":{"l":{},"path":"/Users/user/Sites/sc-forks/melonproject/protocol/contracts/exchange/ExchangeProtocol.sol","s":{},"b":{},"f":{"1":0,"2":0,"3":0,"4":0,"5":0,"6":0,"7":0},"fnMap":{"1":{"name":"getLastOrderId","line":12,"loc":{"start":{"line":12,"column":4},"end":{"line":12,"column":52}}},"2":{"name":"isActive","line":13,"loc":{"start":{"line":13,"column":4},"end":{"line":13,"column":60}}},"3":{"name":"getOwner","line":14,"loc":{"start":{"line":14,"column":4},"end":{"line":14,"column":62}}},"4":{"name":"getOrder","line":15,"loc":{"start":{"line":15,"column":4},"end":{"line":15,"column":73}}},"5":{"name":"make","line":19,"loc":{"start":{"line":19,"column":4},"end":{"line":24,"column":6}}},"6":{"name":"take","line":25,"loc":{"start":{"line":25,"column":4},"end":{"line":25,"column":55}}},"7":{"name":"cancel","line":26,"loc":{"start":{"line":26,"column":4},"end":{"line":26,"column":42}}}},"statementMap":{},"branchMap":{}},"/Users/user/Sites/sc-forks/melonproject/protocol/contracts/fees/ManagementFee.sol":{"l":{"30":8,"31":8},"path":"/Users/user/Sites/sc-forks/melonproject/protocol/contracts/fees/ManagementFee.sol","s":{"1":8,"2":8},"b":{},"f":{"1":8,"2":1},"fnMap":{"1":{"name":"calculateFee","line":27,"loc":{"start":{"line":27,"column":4},"end":{"line":29,"column":6}}},"2":{"name":"ManagementFee","line":36,"loc":{"start":{"line":36,"column":4},"end":{"line":36,"column":27}}}},"statementMap":{"1":{"start":{"line":30,"column":8},"end":{"line":30,"column":49}},"2":{"start":{"line":31,"column":8},"end":{"line":31,"column":49}}},"branchMap":{}},"/Users/user/Sites/sc-forks/melonproject/protocol/contracts/fees/ManagementFeeProtocol.sol":{"l":{},"path":"/Users/user/Sites/sc-forks/melonproject/protocol/contracts/fees/ManagementFeeProtocol.sol","s":{},"b":{},"f":{"1":0},"fnMap":{"1":{"name":"calculateFee","line":10,"loc":{"start":{"line":10,"column":2},"end":{"line":12,"column":4}}}},"statementMap":{},"branchMap":{}},"/Users/user/Sites/sc-forks/melonproject/protocol/contracts/fees/PerformanceFee.sol":{"l":{"30":4,"31":4,"32":4},"path":"/Users/user/Sites/sc-forks/melonproject/protocol/contracts/fees/PerformanceFee.sol","s":{"1":4,"2":0,"3":4,"4":4},"b":{"1":[0,4]},"f":{"1":4,"2":1},"fnMap":{"1":{"name":"calculateFee","line":27,"loc":{"start":{"line":27,"column":4},"end":{"line":29,"column":6}}},"2":{"name":"PerformanceFee","line":37,"loc":{"start":{"line":37,"column":4},"end":{"line":37,"column":28}}}},"statementMap":{"1":{"start":{"line":30,"column":8},"end":{"line":30,"column":47}},"2":{"start":{"line":30,"column":39},"end":{"line":30,"column":47}},"3":{"start":{"line":31,"column":8},"end":{"line":31,"column":63}},"4":{"start":{"line":32,"column":8},"end":{"line":32,"column":49}}},"branchMap":{"1":{"line":30,"type":"if","locations":[{"start":{"line":30,"column":8},"end":{"line":30,"column":8}},{"start":{"line":30,"column":8},"end":{"line":30,"column":8}}]}}},"/Users/user/Sites/sc-forks/melonproject/protocol/contracts/fees/PerformanceFeeProtocol.sol":{"l":{},"path":"/Users/user/Sites/sc-forks/melonproject/protocol/contracts/fees/PerformanceFeeProtocol.sol","s":{},"b":{},"f":{"1":0},"fnMap":{"1":{"name":"calculateFee","line":10,"loc":{"start":{"line":10,"column":2},"end":{"line":12,"column":4}}}},"statementMap":{},"branchMap":{}},"/Users/user/Sites/sc-forks/melonproject/protocol/contracts/governance/Governance.sol":{"l":{"38":0,"39":0,"40":0},"path":"/Users/user/Sites/sc-forks/melonproject/protocol/contracts/governance/Governance.sol","s":{"1":0,"2":0,"3":0,"4":0,"5":0},"b":{},"f":{"1":0,"2":0,"3":0,"4":1,"5":0},"fnMap":{"1":{"name":"numVersions","line":24,"loc":{"start":{"line":24,"column":4},"end":{"line":24,"column":49}}},"2":{"name":"versionAt","line":25,"loc":{"start":{"line":25,"column":4},"end":{"line":25,"column":60}}},"3":{"name":"assetAvailability","line":26,"loc":{"start":{"line":26,"column":4},"end":{"line":26,"column":72}}},"4":{"name":"Governance","line":30,"loc":{"start":{"line":30,"column":4},"end":{"line":30,"column":24}}},"5":{"name":"updateVersion","line":34,"loc":{"start":{"line":34,"column":4},"end":{"line":36,"column":6}}}},"statementMap":{"1":{"start":{"line":24,"column":53},"end":{"line":24,"column":75}},"2":{"start":{"line":25,"column":64},"end":{"line":25,"column":86}},"3":{"start":{"line":26,"column":76},"end":{"line":26,"column":115}},"4":{"start":{"line":39,"column":8},"end":{"line":39,"column":48}},"5":{"start":{"line":40,"column":8},"end":{"line":40,"column":51}}},"branchMap":{}},"/Users/user/Sites/sc-forks/melonproject/protocol/contracts/governance/GovernanceProtocol.sol":{"l":{},"path":"/Users/user/Sites/sc-forks/melonproject/protocol/contracts/governance/GovernanceProtocol.sol","s":{},"b":{},"f":{},"fnMap":{},"statementMap":{},"branchMap":{}},"/Users/user/Sites/sc-forks/melonproject/protocol/contracts/governance/Version.sol":{"l":{"45":1,"46":1,"53":3,"54":3,"81":1,"82":1,"94":1,"95":1,"96":1,"97":1,"98":1,"99":1,"100":1,"101":1,"109":1,"110":1},"path":"/Users/user/Sites/sc-forks/melonproject/protocol/contracts/governance/Version.sol","s":{"1":1,"2":1,"3":1,"4":3,"5":3,"6":1,"7":2,"8":1,"9":1,"10":1,"11":1,"12":1,"13":1,"14":1,"15":1,"16":1,"17":1},"b":{},"f":{"1":1,"2":1,"3":3,"4":1,"5":2,"6":1,"7":1},"fnMap":{"1":{"name":"isVaultOwner","line":44,"loc":{"start":{"line":44,"column":4},"end":{"line":44,"column":62}}},"2":{"name":"getLastVaultId","line":51,"loc":{"start":{"line":51,"column":4},"end":{"line":51,"column":52}}},"3":{"name":"getVault","line":52,"loc":{"start":{"line":52,"column":4},"end":{"line":52,"column":98}}},"4":{"name":"next_id","line":59,"loc":{"start":{"line":59,"column":4},"end":{"line":59,"column":45}}},"5":{"name":"Version","line":65,"loc":{"start":{"line":65,"column":4},"end":{"line":65,"column":41}}},"6":{"name":"createVault","line":67,"loc":{"start":{"line":67,"column":4},"end":{"line":79,"column":6}}},"7":{"name":"annihilateVault","line":105,"loc":{"start":{"line":105,"column":4},"end":{"line":107,"column":6}}}},"statementMap":{"1":{"start":{"line":45,"column":8},"end":{"line":45,"column":48}},"2":{"start":{"line":46,"column":8},"end":{"line":46,"column":34}},"3":{"start":{"line":51,"column":56},"end":{"line":51,"column":74}},"4":{"start":{"line":53,"column":8},"end":{"line":53,"column":35}},"5":{"start":{"line":54,"column":8},"end":{"line":54,"column":97}},"6":{"start":{"line":60,"column":23},"end":{"line":60,"column":41}},"7":{"start":{"line":65,"column":45},"end":{"line":65,"column":73}},"8":{"start":{"line":82,"column":8},"end":{"line":82,"column":2064}},"9":{"start":{"line":94,"column":8},"end":{"line":94,"column":30}},"10":{"start":{"line":95,"column":8},"end":{"line":95,"column":27}},"11":{"start":{"line":96,"column":8},"end":{"line":96,"column":31}},"12":{"start":{"line":97,"column":8},"end":{"line":97,"column":35}},"13":{"start":{"line":98,"column":8},"end":{"line":98,"column":25}},"14":{"start":{"line":99,"column":8},"end":{"line":99,"column":21}},"15":{"start":{"line":100,"column":8},"end":{"line":100,"column":24}},"16":{"start":{"line":101,"column":8},"end":{"line":101,"column":22}},"17":{"start":{"line":110,"column":8},"end":{"line":110,"column":27}}},"branchMap":{}},"/Users/user/Sites/sc-forks/melonproject/protocol/contracts/governance/VersionProtocol.sol":{"l":{},"path":"/Users/user/Sites/sc-forks/melonproject/protocol/contracts/governance/VersionProtocol.sol","s":{},"b":{},"f":{"1":0,"2":0,"3":0,"4":0},"fnMap":{"1":{"name":"numCreatedVaults","line":7,"loc":{"start":{"line":7,"column":2},"end":{"line":7,"column":54}}},"2":{"name":"getVault","line":8,"loc":{"start":{"line":8,"column":2},"end":{"line":8,"column":61}}},"3":{"name":"createVault","line":9,"loc":{"start":{"line":9,"column":2},"end":{"line":19,"column":4}}},"4":{"name":"annihilateVault","line":20,"loc":{"start":{"line":20,"column":2},"end":{"line":20,"column":41}}}},"statementMap":{},"branchMap":{}},"/Users/user/Sites/sc-forks/melonproject/protocol/contracts/participation/Redeem.sol":{"l":{"32":1,"33":1,"34":1,"41":1,"42":1,"43":1,"44":1,"47":1},"path":"/Users/user/Sites/sc-forks/melonproject/protocol/contracts/participation/Redeem.sol","s":{"1":0,"2":1,"3":1,"4":1,"5":1,"6":1,"7":1,"8":1,"9":1},"b":{},"f":{"1":0,"2":1,"3":1,"4":1},"fnMap":{"1":{"name":"isPastZero","line":20,"loc":{"start":{"line":20,"column":4},"end":{"line":20,"column":54}}},"2":{"name":"Redeem","line":26,"loc":{"start":{"line":26,"column":4},"end":{"line":26,"column":20}}},"3":{"name":"redeemShares","line":30,"loc":{"start":{"line":30,"column":4},"end":{"line":31,"column":6}}},"4":{"name":"redeemSharesForReferenceAsset","line":39,"loc":{"start":{"line":39,"column":4},"end":{"line":40,"column":6}}}},"statementMap":{"1":{"start":{"line":20,"column":58},"end":{"line":20,"column":70}},"2":{"start":{"line":32,"column":8},"end":{"line":32,"column":28}},"3":{"start":{"line":33,"column":8},"end":{"line":33,"column":51}},"4":{"start":{"line":41,"column":8},"end":{"line":41,"column":28}},"5":{"start":{"line":42,"column":8},"end":{"line":42,"column":51}},"6":{"start":{"line":43,"column":8},"end":{"line":43,"column":81}},"7":{"start":{"line":44,"column":8},"end":{"line":44,"column":66}},"8":{"start":{"line":45,"column":8},"end":{"line":45,"column":62}},"9":{"start":{"line":47,"column":8},"end":{"line":47,"column":57}}},"branchMap":{}},"/Users/user/Sites/sc-forks/melonproject/protocol/contracts/participation/RedeemProtocol.sol":{"l":{},"path":"/Users/user/Sites/sc-forks/melonproject/protocol/contracts/participation/RedeemProtocol.sol","s":{},"b":{},"f":{},"fnMap":{},"statementMap":{},"branchMap":{}},"/Users/user/Sites/sc-forks/melonproject/protocol/contracts/participation/Subscribe.sol":{"l":{"44":4,"45":4,"47":4,"50":4,"51":2,"52":2,"53":10,"54":7,"55":3,"56":3,"60":2,"62":4,"63":4},"path":"/Users/user/Sites/sc-forks/melonproject/protocol/contracts/participation/Subscribe.sol","s":{"1":18,"2":0,"3":4,"4":4,"5":4,"6":4,"7":4,"8":2,"9":2,"10":10,"11":3,"12":4},"b":{"1":[2,2],"2":[7,3]},"f":{"1":18,"2":0,"3":1,"4":4},"fnMap":{"1":{"name":"isPastZero","line":26,"loc":{"start":{"line":26,"column":4},"end":{"line":26,"column":54}}},"2":{"name":"isAtLeast","line":27,"loc":{"start":{"line":27,"column":4},"end":{"line":27,"column":61}}},"3":{"name":"Subscribe","line":33,"loc":{"start":{"line":33,"column":4},"end":{"line":33,"column":23}}},"4":{"name":"createSharesWithReferenceAsset","line":41,"loc":{"start":{"line":41,"column":4},"end":{"line":43,"column":6}}}},"statementMap":{"1":{"start":{"line":26,"column":58},"end":{"line":26,"column":70}},"2":{"start":{"line":27,"column":65},"end":{"line":27,"column":78}},"3":{"start":{"line":44,"column":8},"end":{"line":44,"column":51}},"4":{"start":{"line":45,"column":8},"end":{"line":45,"column":81}},"5":{"start":{"line":47,"column":8},"end":{"line":47,"column":69}},"6":{"start":{"line":49,"column":8},"end":{"line":49,"column":67}},"7":{"start":{"line":50,"column":8},"end":{"line":50,"column":1833}},"8":{"start":{"line":51,"column":12},"end":{"line":51,"column":93}},"9":{"start":{"line":52,"column":12},"end":{"line":52,"column":2044}},"10":{"start":{"line":53,"column":16},"end":{"line":53,"column":2117}},"11":{"start":{"line":55,"column":16},"end":{"line":55,"column":69}},"12":{"start":{"line":63,"column":8},"end":{"line":63,"column":51}}},"branchMap":{"1":{"line":50,"type":"if","locations":[{"start":{"line":50,"column":8},"end":{"line":50,"column":8}},{"start":{"line":50,"column":8},"end":{"line":50,"column":8}}]},"2":{"line":53,"type":"if","locations":[{"start":{"line":53,"column":16},"end":{"line":53,"column":16}},{"start":{"line":53,"column":16},"end":{"line":53,"column":16}}]}}},"/Users/user/Sites/sc-forks/melonproject/protocol/contracts/participation/SubscribeProtocol.sol":{"l":{},"path":"/Users/user/Sites/sc-forks/melonproject/protocol/contracts/participation/SubscribeProtocol.sol","s":{},"b":{},"f":{},"fnMap":{},"statementMap":{},"branchMap":{}},"/Users/user/Sites/sc-forks/melonproject/protocol/contracts/riskmgmt/RiskMgmt.sol":{"l":{},"path":"/Users/user/Sites/sc-forks/melonproject/protocol/contracts/riskmgmt/RiskMgmt.sol","s":{"1":0,"2":3},"b":{},"f":{"1":0,"2":3},"fnMap":{"1":{"name":"isExchangeMakePermitted","line":19,"loc":{"start":{"line":19,"column":4},"end":{"line":25,"column":6}}},"2":{"name":"isExchangeTakePermitted","line":29,"loc":{"start":{"line":29,"column":4},"end":{"line":36,"column":6}}}},"statementMap":{"1":{"start":{"line":26,"column":8},"end":{"line":26,"column":19}},"2":{"start":{"line":37,"column":8},"end":{"line":37,"column":19}}},"branchMap":{}},"/Users/user/Sites/sc-forks/melonproject/protocol/contracts/riskmgmt/RiskMgmtProtocol.sol":{"l":{},"path":"/Users/user/Sites/sc-forks/melonproject/protocol/contracts/riskmgmt/RiskMgmtProtocol.sol","s":{},"b":{},"f":{"1":0,"2":0},"fnMap":{"1":{"name":"isExchangeMakePermitted","line":15,"loc":{"start":{"line":15,"column":4},"end":{"line":21,"column":6}}},"2":{"name":"isExchangeTakePermitted","line":29,"loc":{"start":{"line":29,"column":4},"end":{"line":36,"column":6}}}},"statementMap":{},"branchMap":{}},"/Users/user/Sites/sc-forks/melonproject/protocol/contracts/riskmgmt/RiskMgmtV1.sol":{"l":{},"path":"/Users/user/Sites/sc-forks/melonproject/protocol/contracts/riskmgmt/RiskMgmtV1.sol","s":{"1":0,"2":0},"b":{},"f":{"1":0,"2":0},"fnMap":{"1":{"name":"isExchangeMakePermitted","line":15,"loc":{"start":{"line":15,"column":6},"end":{"line":21,"column":8}}},"2":{"name":"isExchangeTakePermitted","line":25,"loc":{"start":{"line":25,"column":6},"end":{"line":32,"column":8}}}},"statementMap":{"1":{"start":{"line":22,"column":10},"end":{"line":22,"column":22}},"2":{"start":{"line":33,"column":10},"end":{"line":33,"column":49}}},"branchMap":{}},"/Users/user/Sites/sc-forks/melonproject/protocol/contracts/universe/Universe.sol":{"l":{"29":1,"30":1,"34":1,"35":1,"57":1,"58":1,"59":1,"60":5,"61":5,"62":5,"63":5,"64":5,"65":5},"path":"/Users/user/Sites/sc-forks/melonproject/protocol/contracts/universe/Universe.sol","s":{"1":1,"2":1,"3":4,"4":4,"5":24,"6":96,"7":60,"8":0,"9":6,"10":0,"11":6,"12":1,"13":1,"14":1,"15":5,"16":5,"17":5},"b":{},"f":{"1":1,"2":1,"3":4,"4":4,"5":24,"6":96,"7":60,"8":0,"9":6,"10":0,"11":6,"12":1},"fnMap":{"1":{"name":"arrays_equal","line":28,"loc":{"start":{"line":28,"column":4},"end":{"line":28,"column":63}}},"2":{"name":"array_not_empty","line":33,"loc":{"start":{"line":33,"column":4},"end":{"line":33,"column":40}}},"3":{"name":"getReferenceAsset","line":40,"loc":{"start":{"line":40,"column":4},"end":{"line":40,"column":58}}},"4":{"name":"getMelonAsset","line":41,"loc":{"start":{"line":41,"column":4},"end":{"line":41,"column":54}}},"5":{"name":"numAssignedAssets","line":42,"loc":{"start":{"line":42,"column":4},"end":{"line":42,"column":55}}},"6":{"name":"assetAt","line":43,"loc":{"start":{"line":43,"column":4},"end":{"line":43,"column":58}}},"7":{"name":"priceFeedAt","line":44,"loc":{"start":{"line":44,"column":4},"end":{"line":44,"column":62}}},"8":{"name":"exchangeAt","line":45,"loc":{"start":{"line":45,"column":4},"end":{"line":45,"column":61}}},"9":{"name":"assetAvailability","line":46,"loc":{"start":{"line":46,"column":4},"end":{"line":46,"column":70}}},"10":{"name":"assignedPriceFeed","line":47,"loc":{"start":{"line":47,"column":4},"end":{"line":47,"column":73}}},"11":{"name":"assignedExchange","line":48,"loc":{"start":{"line":48,"column":4},"end":{"line":48,"column":72}}},"12":{"name":"Universe","line":53,"loc":{"start":{"line":53,"column":4},"end":{"line":56,"column":6}}}},"statementMap":{"1":{"start":{"line":29,"column":8},"end":{"line":29,"column":59}},"2":{"start":{"line":34,"column":8},"end":{"line":34,"column":28}},"3":{"start":{"line":40,"column":62},"end":{"line":40,"column":83}},"4":{"start":{"line":41,"column":58},"end":{"line":41,"column":75}},"5":{"start":{"line":42,"column":59},"end":{"line":42,"column":79}},"6":{"start":{"line":43,"column":62},"end":{"line":43,"column":82}},"7":{"start":{"line":44,"column":66},"end":{"line":44,"column":90}},"8":{"start":{"line":45,"column":65},"end":{"line":45,"column":88}},"9":{"start":{"line":46,"column":74},"end":{"line":46,"column":109}},"10":{"start":{"line":47,"column":77},"end":{"line":47,"column":111}},"11":{"start":{"line":48,"column":76},"end":{"line":48,"column":109}},"12":{"start":{"line":57,"column":8},"end":{"line":57,"column":35}},"13":{"start":{"line":58,"column":8},"end":{"line":58,"column":31}},"14":{"start":{"line":59,"column":8},"end":{"line":59,"column":2336}},"15":{"start":{"line":60,"column":12},"end":{"line":60,"column":50}},"16":{"start":{"line":64,"column":12},"end":{"line":64,"column":60}},"17":{"start":{"line":65,"column":12},"end":{"line":65,"column":58}}},"branchMap":{}},"/Users/user/Sites/sc-forks/melonproject/protocol/contracts/universe/UniverseProtocol.sol":{"l":{},"path":"/Users/user/Sites/sc-forks/melonproject/protocol/contracts/universe/UniverseProtocol.sol","s":{},"b":{},"f":{"1":0,"2":0,"3":0,"4":0,"5":0,"6":0,"7":0,"8":0,"9":0},"fnMap":{"1":{"name":"getReferenceAsset","line":8,"loc":{"start":{"line":8,"column":4},"end":{"line":8,"column":58}}},"2":{"name":"getMelonAsset","line":9,"loc":{"start":{"line":9,"column":4},"end":{"line":9,"column":54}}},"3":{"name":"numAssignedAssets","line":10,"loc":{"start":{"line":10,"column":4},"end":{"line":10,"column":55}}},"4":{"name":"assetAt","line":11,"loc":{"start":{"line":11,"column":4},"end":{"line":11,"column":58}}},"5":{"name":"priceFeedAt","line":12,"loc":{"start":{"line":12,"column":4},"end":{"line":12,"column":62}}},"6":{"name":"exchangeAt","line":13,"loc":{"start":{"line":13,"column":4},"end":{"line":13,"column":61}}},"7":{"name":"assetAvailability","line":14,"loc":{"start":{"line":14,"column":4},"end":{"line":14,"column":69}}},"8":{"name":"assignedPriceFeed","line":15,"loc":{"start":{"line":15,"column":4},"end":{"line":15,"column":73}}},"9":{"name":"assignedExchange","line":16,"loc":{"start":{"line":16,"column":4},"end":{"line":16,"column":72}}}},"statementMap":{},"branchMap":{}},"/Users/user/Sites/sc-forks/melonproject/protocol/contracts/Vault.sol":{"l":{"99":8,"100":8,"102":40,"103":40,"105":40,"107":40,"108":40,"110":40,"111":40,"117":40,"128":12,"134":8,"135":8,"136":8,"137":8,"138":6,"139":6,"140":4,"142":8,"153":8,"154":8,"156":8,"165":2,"166":2,"167":10,"168":10,"169":10,"170":10,"171":10,"179":7,"180":7,"198":4,"199":4,"200":4,"201":4,"202":4,"203":4,"213":4,"214":4,"215":4,"217":4,"218":4,"219":20,"220":20,"221":20,"223":4,"224":4,"225":4,"226":4,"227":4,"245":7,"246":6,"254":2,"255":2,"263":7,"268":3,"271":4,"272":4,"273":16,"275":16,"278":5,"284":6,"285":6,"294":2,"296":2,"297":2,"299":2,"300":2,"301":10,"304":10,"325":0,"326":0,"327":0,"337":3,"341":3,"342":3,"343":3,"344":3,"349":3,"350":3,"351":3,"360":0,"369":3,"370":3,"374":3,"375":3,"383":3,"384":3,"394":0,"397":0,"398":0,"399":0,"402":0,"413":0,"414":0},"path":"/Users/user/Sites/sc-forks/melonproject/protocol/contracts/Vault.sol","s":{"1":29,"2":2,"3":5,"4":0,"5":0,"6":0,"7":8,"8":8,"9":40,"10":40,"11":40,"12":40,"13":40,"14":40,"15":40,"16":40,"17":8,"18":32,"19":40,"20":40,"21":12,"22":8,"23":8,"24":8,"25":8,"26":6,"27":6,"28":4,"29":8,"30":8,"31":8,"32":8,"33":8,"34":8,"35":8,"36":2,"37":2,"38":10,"39":10,"40":10,"41":10,"42":10,"43":7,"44":7,"45":4,"46":4,"47":4,"48":4,"49":4,"50":4,"51":4,"52":4,"53":4,"54":4,"55":4,"56":20,"57":20,"58":20,"59":4,"60":4,"61":4,"62":4,"63":4,"64":3,"65":1,"66":7,"67":6,"68":2,"69":2,"70":7,"71":3,"72":3,"73":4,"74":4,"75":16,"76":16,"77":16,"78":5,"79":5,"80":5,"81":5,"82":6,"83":6,"84":2,"85":2,"86":2,"87":2,"88":2,"89":10,"90":10,"91":10,"92":10,"93":3,"94":0,"95":0,"96":0,"97":3,"98":3,"99":3,"100":3,"101":3,"102":3,"103":3,"104":3,"105":0,"106":3,"107":3,"108":3,"109":3,"110":3,"111":3,"112":3,"113":3,"114":0,"115":0,"116":0,"117":0,"118":0,"119":0,"120":0},"b":{"1":[8,32],"2":[6,2],"3":[4,2],"4":[6,2],"5":[3,4],"6":[11,5],"7":[7,3]},"f":{"1":29,"2":2,"3":5,"4":0,"5":0,"6":0,"7":8,"8":12,"9":8,"10":8,"11":8,"12":2,"13":7,"14":4,"15":3,"16":1,"17":7,"18":2,"19":7,"20":2,"21":0,"22":3,"23":0,"24":3,"25":3,"26":0},"fnMap":{"1":{"name":"notZero","line":72,"loc":{"start":{"line":72,"column":4},"end":{"line":72,"column":51}}},"2":{"name":"balancesOfHolderAtLeast","line":73,"loc":{"start":{"line":73,"column":4},"end":{"line":73,"column":85}}},"3":{"name":"getReferenceAsset","line":77,"loc":{"start":{"line":77,"column":4},"end":{"line":77,"column":58}}},"4":{"name":"getUniverseAddress","line":78,"loc":{"start":{"line":78,"column":4},"end":{"line":78,"column":59}}},"5":{"name":"getDecimals","line":79,"loc":{"start":{"line":79,"column":4},"end":{"line":79,"column":49}}},"6":{"name":"getBaseUnitsPerShare","line":80,"loc":{"start":{"line":80,"column":4},"end":{"line":80,"column":58}}},"7":{"name":"calcGav","line":86,"loc":{"start":{"line":86,"column":4},"end":{"line":86,"column":49}}},"8":{"name":"calcValuePerShare","line":123,"loc":{"start":{"line":123,"column":4},"end":{"line":127,"column":6}}},"9":{"name":"calcUnclaimedFees","line":133,"loc":{"start":{"line":133,"column":4},"end":{"line":133,"column":118}}},"10":{"name":"calcNav","line":147,"loc":{"start":{"line":147,"column":4},"end":{"line":147,"column":77}}},"11":{"name":"performCalculations","line":151,"loc":{"start":{"line":151,"column":4},"end":{"line":151,"column":87}}},"12":{"name":"getSliceForNumShares","line":161,"loc":{"start":{"line":161,"column":4},"end":{"line":164,"column":6}}},"13":{"name":"getRefPriceForNumShares","line":177,"loc":{"start":{"line":177,"column":4},"end":{"line":178,"column":6}}},"14":{"name":"Vault","line":186,"loc":{"start":{"line":186,"column":4},"end":{"line":197,"column":8}}},"15":{"name":"createShares","line":234,"loc":{"start":{"line":234,"column":4},"end":{"line":234,"column":42}}},"16":{"name":"annihilateShares","line":238,"loc":{"start":{"line":238,"column":4},"end":{"line":238,"column":46}}},"17":{"name":"createSharesOnBehalf","line":242,"loc":{"start":{"line":242,"column":4},"end":{"line":244,"column":6}}},"18":{"name":"annihilateSharesOnBehalf","line":251,"loc":{"start":{"line":251,"column":4},"end":{"line":253,"column":6}}},"19":{"name":"allocateSlice","line":260,"loc":{"start":{"line":260,"column":4},"end":{"line":262,"column":6}}},"20":{"name":"separateSlice","line":290,"loc":{"start":{"line":290,"column":4},"end":{"line":292,"column":6}}},"21":{"name":"makeOrder","line":314,"loc":{"start":{"line":314,"column":4},"end":{"line":324,"column":6}}},"22":{"name":"takeOrder","line":332,"loc":{"start":{"line":332,"column":4},"end":{"line":335,"column":6}}},"23":{"name":"cancelOrder","line":356,"loc":{"start":{"line":356,"column":4},"end":{"line":359,"column":6}}},"24":{"name":"requireIsWithinKnownUniverse","line":365,"loc":{"start":{"line":365,"column":4},"end":{"line":367,"column":6}}},"25":{"name":"approveSpending","line":380,"loc":{"start":{"line":380,"column":4},"end":{"line":382,"column":6}}},"26":{"name":"convertUnclaimedRewards","line":391,"loc":{"start":{"line":391,"column":4},"end":{"line":393,"column":6}}}},"statementMap":{"1":{"start":{"line":72,"column":55},"end":{"line":72,"column":68}},"2":{"start":{"line":73,"column":89},"end":{"line":73,"column":119}},"3":{"start":{"line":77,"column":62},"end":{"line":77,"column":83}},"4":{"start":{"line":78,"column":63},"end":{"line":78,"column":85}},"5":{"start":{"line":79,"column":53},"end":{"line":79,"column":68}},"6":{"start":{"line":80,"column":62},"end":{"line":80,"column":86}},"7":{"start":{"line":99,"column":8},"end":{"line":99,"column":67}},"8":{"start":{"line":100,"column":8},"end":{"line":100,"column":4248}},"9":{"start":{"line":102,"column":12},"end":{"line":102,"column":64}},"10":{"start":{"line":103,"column":12},"end":{"line":103,"column":55}},"11":{"start":{"line":104,"column":12},"end":{"line":104,"column":53}},"12":{"start":{"line":105,"column":12},"end":{"line":105,"column":51}},"13":{"start":{"line":107,"column":12},"end":{"line":107,"column":95}},"14":{"start":{"line":108,"column":12},"end":{"line":108,"column":53}},"15":{"start":{"line":109,"column":12},"end":{"line":109,"column":47}},"16":{"start":{"line":111,"column":12},"end":{"line":111,"column":4887}},"17":{"start":{"line":112,"column":14},"end":{"line":112,"column":49}},"18":{"start":{"line":114,"column":14},"end":{"line":114,"column":49}},"19":{"start":{"line":116,"column":12},"end":{"line":116,"column":81}},"20":{"start":{"line":117,"column":12},"end":{"line":117,"column":69}},"21":{"start":{"line":128,"column":8},"end":{"line":128,"column":64}},"22":{"start":{"line":134,"column":8},"end":{"line":134,"column":65}},"23":{"start":{"line":135,"column":8},"end":{"line":135,"column":78}},"24":{"start":{"line":136,"column":8},"end":{"line":136,"column":25}},"25":{"start":{"line":137,"column":8},"end":{"line":137,"column":6300}},"26":{"start":{"line":138,"column":12},"end":{"line":138,"column":55}},"27":{"start":{"line":139,"column":12},"end":{"line":139,"column":6507}},"28":{"start":{"line":140,"column":14},"end":{"line":140,"column":120}},"29":{"start":{"line":142,"column":8},"end":{"line":142,"column":61}},"30":{"start":{"line":147,"column":81},"end":{"line":147,"column":113}},"31":{"start":{"line":152,"column":8},"end":{"line":152,"column":27}},"32":{"start":{"line":153,"column":8},"end":{"line":153,"column":83}},"33":{"start":{"line":154,"column":8},"end":{"line":154,"column":45}},"34":{"start":{"line":155,"column":8},"end":{"line":155,"column":90}},"35":{"start":{"line":156,"column":8},"end":{"line":156,"column":83}},"36":{"start":{"line":165,"column":8},"end":{"line":165,"column":54}},"37":{"start":{"line":166,"column":8},"end":{"line":166,"column":8014}},"38":{"start":{"line":167,"column":12},"end":{"line":167,"column":66}},"39":{"start":{"line":168,"column":12},"end":{"line":168,"column":57}},"40":{"start":{"line":169,"column":12},"end":{"line":169,"column":32}},"41":{"start":{"line":170,"column":12},"end":{"line":170,"column":53}},"42":{"start":{"line":171,"column":12},"end":{"line":171,"column":65}},"43":{"start":{"line":179,"column":8},"end":{"line":179,"column":58}},"44":{"start":{"line":180,"column":8},"end":{"line":180,"column":62}},"45":{"start":{"line":198,"column":8},"end":{"line":198,"column":24}},"46":{"start":{"line":199,"column":8},"end":{"line":199,"column":22}},"47":{"start":{"line":200,"column":8},"end":{"line":200,"column":26}},"48":{"start":{"line":201,"column":8},"end":{"line":201,"column":30}},"49":{"start":{"line":202,"column":8},"end":{"line":202,"column":41}},"50":{"start":{"line":203,"column":8},"end":{"line":203,"column":9170}},"51":{"start":{"line":213,"column":8},"end":{"line":213,"column":53}},"52":{"start":{"line":214,"column":8},"end":{"line":214,"column":59}},"53":{"start":{"line":215,"column":8},"end":{"line":215,"column":51}},"54":{"start":{"line":217,"column":8},"end":{"line":217,"column":67}},"55":{"start":{"line":218,"column":8},"end":{"line":218,"column":9784}},"56":{"start":{"line":219,"column":12},"end":{"line":219,"column":95}},"57":{"start":{"line":220,"column":12},"end":{"line":220,"column":53}},"58":{"start":{"line":221,"column":12},"end":{"line":221,"column":48}},"59":{"start":{"line":223,"column":8},"end":{"line":223,"column":56}},"60":{"start":{"line":224,"column":8},"end":{"line":224,"column":47}},"61":{"start":{"line":225,"column":8},"end":{"line":225,"column":53}},"62":{"start":{"line":226,"column":8},"end":{"line":226,"column":68}},"63":{"start":{"line":227,"column":8},"end":{"line":227,"column":72}},"64":{"start":{"line":234,"column":46},"end":{"line":234,"column":90}},"65":{"start":{"line":238,"column":50},"end":{"line":238,"column":98}},"66":{"start":{"line":245,"column":8},"end":{"line":245,"column":44}},"67":{"start":{"line":246,"column":8},"end":{"line":246,"column":49}},"68":{"start":{"line":254,"column":8},"end":{"line":254,"column":44}},"69":{"start":{"line":255,"column":8},"end":{"line":255,"column":53}},"70":{"start":{"line":263,"column":8},"end":{"line":263,"column":12123}},"71":{"start":{"line":268,"column":12},"end":{"line":268,"column":39}},"72":{"start":{"line":269,"column":12},"end":{"line":269,"column":90}},"73":{"start":{"line":271,"column":12},"end":{"line":271,"column":71}},"74":{"start":{"line":272,"column":12},"end":{"line":272,"column":12735}},"75":{"start":{"line":273,"column":16},"end":{"line":273,"column":87}},"76":{"start":{"line":274,"column":16},"end":{"line":274,"column":57}},"77":{"start":{"line":275,"column":16},"end":{"line":275,"column":48}},"78":{"start":{"line":276,"column":16},"end":{"line":276,"column":82}},"79":{"start":{"line":277,"column":16},"end":{"line":277,"column":64}},"80":{"start":{"line":278,"column":16},"end":{"line":278,"column":58}},"81":{"start":{"line":280,"column":16},"end":{"line":280,"column":77}},"82":{"start":{"line":284,"column":8},"end":{"line":284,"column":70}},"83":{"start":{"line":285,"column":8},"end":{"line":285,"column":54}},"84":{"start":{"line":294,"column":8},"end":{"line":294,"column":40}},"85":{"start":{"line":296,"column":8},"end":{"line":296,"column":70}},"86":{"start":{"line":297,"column":8},"end":{"line":297,"column":54}},"87":{"start":{"line":299,"column":8},"end":{"line":299,"column":67}},"88":{"start":{"line":300,"column":8},"end":{"line":300,"column":14302}},"89":{"start":{"line":301,"column":12},"end":{"line":301,"column":83}},"90":{"start":{"line":302,"column":12},"end":{"line":302,"column":53}},"91":{"start":{"line":303,"column":12},"end":{"line":303,"column":79}},"92":{"start":{"line":304,"column":12},"end":{"line":304,"column":44}},"93":{"start":{"line":306,"column":12},"end":{"line":306,"column":62}},"94":{"start":{"line":325,"column":8},"end":{"line":325,"column":82}},"95":{"start":{"line":326,"column":8},"end":{"line":326,"column":67}},"96":{"start":{"line":327,"column":8},"end":{"line":327,"column":91}},"97":{"start":{"line":337,"column":8},"end":{"line":337,"column":16047}},"98":{"start":{"line":341,"column":8},"end":{"line":341,"column":51}},"99":{"start":{"line":342,"column":8},"end":{"line":342,"column":82}},"100":{"start":{"line":343,"column":8},"end":{"line":343,"column":48}},"101":{"start":{"line":344,"column":8},"end":{"line":344,"column":16355}},"102":{"start":{"line":349,"column":8},"end":{"line":349,"column":93}},"103":{"start":{"line":350,"column":8},"end":{"line":350,"column":70}},"104":{"start":{"line":351,"column":8},"end":{"line":351,"column":51}},"105":{"start":{"line":360,"column":8},"end":{"line":360,"column":36}},"106":{"start":{"line":369,"column":8},"end":{"line":369,"column":66}},"107":{"start":{"line":370,"column":8},"end":{"line":370,"column":67}},"108":{"start":{"line":371,"column":8},"end":{"line":371,"column":87}},"109":{"start":{"line":372,"column":8},"end":{"line":372,"column":87}},"110":{"start":{"line":374,"column":8},"end":{"line":374,"column":79}},"111":{"start":{"line":375,"column":8},"end":{"line":375,"column":80}},"112":{"start":{"line":383,"column":8},"end":{"line":383,"column":50}},"113":{"start":{"line":384,"column":8},"end":{"line":384,"column":52}},"114":{"start":{"line":394,"column":8},"end":{"line":394,"column":104}},"115":{"start":{"line":397,"column":8},"end":{"line":397,"column":59}},"116":{"start":{"line":398,"column":8},"end":{"line":398,"column":60}},"117":{"start":{"line":399,"column":8},"end":{"line":399,"column":54}},"118":{"start":{"line":402,"column":8},"end":{"line":402,"column":19006}},"119":{"start":{"line":413,"column":8},"end":{"line":413,"column":56}},"120":{"start":{"line":414,"column":8},"end":{"line":414,"column":90}}},"branchMap":{"1":{"line":111,"type":"if","locations":[{"start":{"line":111,"column":12},"end":{"line":111,"column":12}},{"start":{"line":111,"column":12},"end":{"line":111,"column":12}}]},"2":{"line":137,"type":"if","locations":[{"start":{"line":137,"column":8},"end":{"line":137,"column":8}},{"start":{"line":137,"column":8},"end":{"line":137,"column":8}}]},"3":{"line":139,"type":"if","locations":[{"start":{"line":139,"column":12},"end":{"line":139,"column":12}},{"start":{"line":139,"column":12},"end":{"line":139,"column":12}}]},"4":{"line":155,"type":"cond-expr","locations":[{"start":{"line":155,"column":49},"end":{"line":155,"column":71}},{"start":{"line":155,"column":74},"end":{"line":155,"column":91}}]},"5":{"line":263,"type":"if","locations":[{"start":{"line":263,"column":8},"end":{"line":263,"column":8}},{"start":{"line":263,"column":8},"end":{"line":263,"column":8}}]},"6":{"line":275,"type":"if","locations":[{"start":{"line":275,"column":16},"end":{"line":275,"column":16}},{"start":{"line":275,"column":16},"end":{"line":275,"column":16}}]},"7":{"line":304,"type":"if","locations":[{"start":{"line":304,"column":12},"end":{"line":304,"column":12}},{"start":{"line":304,"column":12},"end":{"line":304,"column":12}}]}}},"/Users/user/Sites/sc-forks/melonproject/protocol/contracts/VaultProtocol.sol":{"l":{},"path":"/Users/user/Sites/sc-forks/melonproject/protocol/contracts/VaultProtocol.sol","s":{"1":0,"2":0},"b":{},"f":{"1":0,"2":0,"3":0,"4":0,"5":0,"6":0,"7":0,"8":0,"9":0,"10":0,"11":0,"12":0,"13":0,"14":0,"15":0,"16":0,"17":0,"18":0,"19":0,"20":0},"fnMap":{"1":{"name":"getReferenceAsset","line":14,"loc":{"start":{"line":14,"column":4},"end":{"line":14,"column":58}}},"2":{"name":"getUniverseAddress","line":15,"loc":{"start":{"line":15,"column":4},"end":{"line":15,"column":59}}},"3":{"name":"getDecimals","line":16,"loc":{"start":{"line":16,"column":4},"end":{"line":16,"column":49}}},"4":{"name":"getCalculationsAtLastPayout","line":17,"loc":{"start":{"line":17,"column":4},"end":{"line":17,"column":89}}},"5":{"name":"getSliceForNumShares","line":18,"loc":{"start":{"line":18,"column":4},"end":{"line":18,"column":122}}},"6":{"name":"getBaseUnitsPerShare","line":19,"loc":{"start":{"line":19,"column":4},"end":{"line":19,"column":58}}},"7":{"name":"getRefPriceForNumShares","line":20,"loc":{"start":{"line":20,"column":4},"end":{"line":20,"column":86}}},"8":{"name":"calcGav","line":21,"loc":{"start":{"line":21,"column":4},"end":{"line":21,"column":49}}},"9":{"name":"calcValuePerShare","line":22,"loc":{"start":{"line":22,"column":4},"end":{"line":22,"column":76}}},"10":{"name":"calcUnclaimedFees","line":23,"loc":{"start":{"line":23,"column":4},"end":{"line":23,"column":118}}},"11":{"name":"calcNav","line":24,"loc":{"start":{"line":24,"column":4},"end":{"line":24,"column":77}}},"12":{"name":"performCalculations","line":25,"loc":{"start":{"line":25,"column":4},"end":{"line":25,"column":87}}},"13":{"name":"createShares","line":29,"loc":{"start":{"line":29,"column":4},"end":{"line":29,"column":42}}},"14":{"name":"annihilateShares","line":30,"loc":{"start":{"line":30,"column":4},"end":{"line":30,"column":46}}},"15":{"name":"createSharesOnBehalf","line":31,"loc":{"start":{"line":31,"column":4},"end":{"line":31,"column":69}}},"16":{"name":"annihilateSharesOnBehalf","line":32,"loc":{"start":{"line":32,"column":4},"end":{"line":32,"column":73}}},"17":{"name":"makeOrder","line":33,"loc":{"start":{"line":33,"column":4},"end":{"line":38,"column":6}}},"18":{"name":"takeOrder","line":39,"loc":{"start":{"line":39,"column":4},"end":{"line":39,"column":96}}},"19":{"name":"cancelOrder","line":40,"loc":{"start":{"line":40,"column":4},"end":{"line":40,"column":76}}},"20":{"name":"convertUnclaimedRewards","line":41,"loc":{"start":{"line":41,"column":4},"end":{"line":41,"column":37}}}},"statementMap":{"1":{"start":{"line":29,"column":46},"end":{"line":29,"column":90}},"2":{"start":{"line":30,"column":50},"end":{"line":30,"column":98}}},"branchMap":{}}}