TN:
SF:/Users/user/Sites/sc-forks/melonproject/protocol/contracts/assets/Asset.sol
FN:18,getName
FN:20,getSymbol
FN:22,getDecimals
FN:26,Asset
FNF:4
FNH:3
FNDA:0,getName
FNDA:10,getSymbol
FNDA:40,getDecimals
FNDA:5,Asset
LF:0
LH:0
BRF:0
BRH:0
end_of_record
TN:
SF:/Users/user/Sites/sc-forks/melonproject/protocol/contracts/assets/AssetProtocol.sol
FN:11,getName
FN:12,getSymbol
FN:13,getDecimals
FNF:3
FNH:0
FNDA:0,getName
FNDA:0,getSymbol
FNDA:0,getDecimals
LF:0
LH:0
BRF:0
BRH:0
end_of_record
TN:
SF:/Users/user/Sites/sc-forks/melonproject/protocol/contracts/assets/BitcoinToken.sol
FN:20,BitcoinToken
FNF:1
FNH:1
FNDA:1,BitcoinToken
LF:0
LH:0
BRF:0
BRH:0
end_of_record
TN:
SF:/Users/user/Sites/sc-forks/melonproject/protocol/contracts/assets/DigixDaoToken.sol
FN:20,DigixDaoToken
FNF:1
FNH:0
FNDA:0,DigixDaoToken
LF:0
LH:0
BRF:0
BRH:0
end_of_record
TN:
SF:/Users/user/Sites/sc-forks/melonproject/protocol/contracts/assets/DigixGoldToken.sol
FN:20,DigixGoldToken
FNF:1
FNH:0
FNDA:0,DigixGoldToken
LF:0
LH:0
BRF:0
BRH:0
end_of_record
TN:
SF:/Users/user/Sites/sc-forks/melonproject/protocol/contracts/assets/EtherToken.sol
FN:26,balances_msg_sender_at_least
FN:33,EtherToken
FN:38,
FN:41,deposit
FN:51,withdraw
FNF:5
FNH:2
FNDA:0,balances_msg_sender_at_least
FNDA:1,EtherToken
FNDA:0,
FNDA:4,deposit
FNDA:0,withdraw
DA:27,0
DA:28,0
DA:45,4
DA:46,4
DA:47,4
DA:55,0
DA:56,0
DA:57,0
DA:58,0
LF:9
LH:3
BRF:0
BRH:0
end_of_record
TN:
SF:/Users/user/Sites/sc-forks/melonproject/protocol/contracts/assets/EuroToken.sol
FN:20,EuroToken
FNF:1
FNH:1
FNDA:1,EuroToken
LF:0
LH:0
BRF:0
BRH:0
end_of_record
TN:
SF:/Users/user/Sites/sc-forks/melonproject/protocol/contracts/assets/MelonToken.sol
FN:20,MelonToken
FNF:1
FNH:1
FNDA:1,MelonToken
LF:0
LH:0
BRF:0
BRH:0
end_of_record
TN:
SF:/Users/user/Sites/sc-forks/melonproject/protocol/contracts/assets/PreminedAsset.sol
FN:20,PreminedAsset
FNF:1
FNH:1
FNDA:5,PreminedAsset
DA:23,5
DA:24,5
LF:2
LH:2
BRF:0
BRH:0
end_of_record
TN:
SF:/Users/user/Sites/sc-forks/melonproject/protocol/contracts/assets/RepToken.sol
FN:20,RepToken
FNF:1
FNH:1
FNDA:1,RepToken
LF:0
LH:0
BRF:0
BRH:0
end_of_record
TN:
SF:/Users/user/Sites/sc-forks/melonproject/protocol/contracts/datafeeds/PriceFeed.sol
FN:35,isDataSet
FN:36,isDataValid
FN:37,isEqualLength
FN:41,getQuoteAsset
FN:42,getFrequency
FN:43,getValidity
FN:47,getStatus
FN:57,getPrice
FN:68,getData
FN:81,PriceFeed
FN:94,updatePrice
FNF:11
FNH:8
FNDA:43,isDataSet
FNDA:42,isDataValid
FNDA:5,isEqualLength
FNDA:60,getQuoteAsset
FNDA:1,getFrequency
FNDA:0,getValidity
FNDA:0,getStatus
FNDA:42,getPrice
FNDA:0,getData
FNDA:1,PriceFeed
FNDA:5,updatePrice
DA:52,0
DA:63,42
DA:74,0
DA:84,1
DA:98,5
DA:100,25
DA:104,25
LF:7
LH:5
BRF:0
BRH:0
end_of_record
TN:
SF:/Users/user/Sites/sc-forks/melonproject/protocol/contracts/datafeeds/PriceFeedProtocol.sol
FN:11,getQuoteAsset
FN:12,getFrequency
FN:13,getValidity
FN:14,getStatus
FN:15,getPrice
FN:16,getTimestamp
FN:17,getData
FN:25,updatePrice
FNF:8
FNH:0
FNDA:0,getQuoteAsset
FNDA:0,getFrequency
FNDA:0,getValidity
FNDA:0,getStatus
FNDA:0,getPrice
FNDA:0,getTimestamp
FNDA:0,getData
FNDA:0,updatePrice
LF:0
LH:0
BRF:0
BRH:0
end_of_record
TN:
SF:/Users/user/Sites/sc-forks/melonproject/protocol/contracts/dependencies/AddIncentive.sol
FN:16,msgValueAtLeast
FN:20,AddIncentive
FNF:2
FNH:0
FNDA:0,msgValueAtLeast
FNDA:0,AddIncentive
DA:22,0
DA:23,0
LF:2
LH:0
BRF:0
BRH:0
end_of_record
TN:
SF:/Users/user/Sites/sc-forks/melonproject/protocol/contracts/dependencies/BackupOwned.sol
FN:19,isBackupOwner
FN:20,backupOwnerIs
FN:21,isNotNullAddress
FN:25,BackupOwned
FN:33,useBackup
FN:44,setNewBackup
FNF:6
FNH:1
FNDA:0,isBackupOwner
FNDA:0,backupOwnerIs
FNDA:0,isNotNullAddress
FNDA:1,BackupOwned
FNDA:0,useBackup
FNDA:0,setNewBackup
DA:28,1
DA:38,0
DA:39,0
DA:49,0
LF:4
LH:1
BRF:0
BRH:0
end_of_record
TN:
SF:/Users/user/Sites/sc-forks/melonproject/protocol/contracts/dependencies/DBC.sol
FN:10,pre_cond
FN:15,post_cond
FN:20,invariant
FNF:3
FNH:1
FNDA:158,pre_cond
FNDA:0,post_cond
FNDA:0,invariant
DA:11,158
DA:12,157
DA:16,0
DA:17,0
DA:21,0
DA:22,0
DA:23,0
LF:7
LH:2
BRF:0
BRH:0
end_of_record
TN:
SF:/Users/user/Sites/sc-forks/melonproject/protocol/contracts/dependencies/ERC20.sol
FN:11,transfer
FN:20,transferFrom
FN:30,balanceOf
FN:34,approve
FN:40,allowance
FNF:5
FNH:5
FNDA:9,transfer
FNDA:19,transferFrom
FNDA:99,balanceOf
FNDA:26,approve
FNDA:6,allowance
DA:12,9
DA:13,9
DA:14,9
DA:15,9
DA:16,9
DA:21,19
DA:22,18
DA:23,18
DA:24,18
DA:25,18
DA:26,18
DA:31,99
DA:35,26
DA:36,26
DA:37,26
DA:41,6
LF:16
LH:16
BRDA:12,1,0,9
BRDA:12,1,1,0
BRDA:21,2,0,18
BRDA:21,2,1,1
BRF:4
BRH:3
end_of_record
TN:
SF:/Users/user/Sites/sc-forks/melonproject/protocol/contracts/dependencies/ERC20Protocol.sol
FN:10,totalSupply
FN:11,balanceOf
FN:12,allowance
FN:16,transfer
FN:17,transferFrom
FN:18,approve
FNF:6
FNH:0
FNDA:0,totalSupply
FNDA:0,balanceOf
FNDA:0,allowance
FNDA:0,transfer
FNDA:0,transferFrom
FNDA:0,approve
LF:0
LH:0
BRF:0
BRH:0
end_of_record
TN:
SF:/Users/user/Sites/sc-forks/melonproject/protocol/contracts/dependencies/MutexUser.sol
FN:11,exclusive
FNF:1
FNH:1
FNDA:10,exclusive
DA:12,10
DA:13,10
DA:14,10
DA:15,10
LF:4
LH:4
BRF:0
BRH:0
end_of_record
TN:
SF:/Users/user/Sites/sc-forks/melonproject/protocol/contracts/dependencies/Owned.sol
FN:11,isOwner
FN:20,Owned
FNF:2
FNH:2
FNDA:8,isOwner
FNDA:13,Owned
DA:15,8
DA:21,13
LF:2
LH:2
BRF:0
BRH:0
end_of_record
TN:
SF:/Users/user/Sites/sc-forks/melonproject/protocol/contracts/dependencies/SafeMath.sol
FN:8,safeMul
FN:14,safeSub
FN:19,safeAdd
FNF:3
FNH:3
FNDA:6,safeMul
FNDA:20,safeSub
FNDA:74,safeAdd
DA:9,6
DA:10,6
DA:11,6
DA:15,20
DA:16,20
DA:20,74
DA:21,74
DA:22,74
LF:8
LH:8
BRF:0
BRH:0
end_of_record
TN:
SF:/Users/user/Sites/sc-forks/melonproject/protocol/contracts/exchange/Exchange.sol
FN:33,isPastZero
FN:34,isSet
FN:35,notEqual
FN:36,isOfferActive
FN:37,onlyOfferOwner
FN:41,getLastOrderId
FN:42,isActive
FN:43,getOwner
FN:44,getOrder
FN:52,next_id
FN:56,trade
FN:70,make
FN:98,take
FN:134,cancel
FNF:14
FNH:14
FNDA:10,isPastZero
FNDA:10,isSet
FNDA:5,notEqual
FNDA:5,isOfferActive
FNDA:2,onlyOfferOwner
FNDA:8,getLastOrderId
FNDA:5,isActive
FNDA:5,getOwner
FNDA:5,getOrder
FNDA:5,next_id
FNDA:1,trade
FNDA:5,make
FNDA:3,take
FNDA:2,cancel
DA:45,5
DA:46,5
DA:62,1
DA:63,1
DA:64,1
DA:82,5
DA:83,5
DA:84,5
DA:85,5
DA:86,5
DA:87,5
DA:88,5
DA:89,5
DA:90,5
DA:91,5
DA:92,5
DA:93,5
DA:104,3
DA:107,3
DA:108,3
DA:110,0
DA:112,3
DA:114,1
DA:115,1
DA:117,1
DA:118,1
DA:120,2
DA:122,0
DA:123,0
DA:124,0
DA:126,0
DA:127,0
DA:130,2
DA:141,2
DA:142,2
DA:143,2
DA:144,2
DA:145,2
LF:38
LH:32
BRDA:108,1,0,0
BRDA:108,1,1,3
BRDA:112,2,0,1
BRDA:112,2,1,2
BRDA:120,3,0,0
BRDA:120,3,1,2
BRF:6
BRH:4
end_of_record
TN:
SF:/Users/user/Sites/sc-forks/melonproject/protocol/contracts/exchange/ExchangeProtocol.sol
FN:12,getLastOrderId
FN:13,isActive
FN:14,getOwner
FN:15,getOrder
FN:19,make
FN:25,take
FN:26,cancel
FNF:7
FNH:0
FNDA:0,getLastOrderId
FNDA:0,isActive
FNDA:0,getOwner
FNDA:0,getOrder
FNDA:0,make
FNDA:0,take
FNDA:0,cancel
LF:0
LH:0
BRF:0
BRH:0
end_of_record
TN:
SF:/Users/user/Sites/sc-forks/melonproject/protocol/contracts/fees/ManagementFee.sol
FN:27,calculateFee
FN:36,ManagementFee
FNF:2
FNH:2
FNDA:8,calculateFee
FNDA:1,ManagementFee
DA:30,8
DA:31,8
LF:2
LH:2
BRF:0
BRH:0
end_of_record
TN:
SF:/Users/user/Sites/sc-forks/melonproject/protocol/contracts/fees/ManagementFeeProtocol.sol
FN:10,calculateFee
FNF:1
FNH:0
FNDA:0,calculateFee
LF:0
LH:0
BRF:0
BRH:0
end_of_record
TN:
SF:/Users/user/Sites/sc-forks/melonproject/protocol/contracts/fees/PerformanceFee.sol
FN:27,calculateFee
FN:37,PerformanceFee
FNF:2
FNH:2
FNDA:4,calculateFee
FNDA:1,PerformanceFee
DA:30,4
DA:31,4
DA:32,4
LF:3
LH:3
BRDA:30,1,0,0
BRDA:30,1,1,4
BRF:2
BRH:1
end_of_record
TN:
SF:/Users/user/Sites/sc-forks/melonproject/protocol/contracts/fees/PerformanceFeeProtocol.sol
FN:10,calculateFee
FNF:1
FNH:0
FNDA:0,calculateFee
LF:0
LH:0
BRF:0
BRH:0
end_of_record
TN:
SF:/Users/user/Sites/sc-forks/melonproject/protocol/contracts/governance/Governance.sol
FN:24,numVersions
FN:25,versionAt
FN:26,assetAvailability
FN:30,Governance
FN:34,updateVersion
FNF:5
FNH:1
FNDA:0,numVersions
FNDA:0,versionAt
FNDA:0,assetAvailability
FNDA:1,Governance
FNDA:0,updateVersion
DA:38,0
DA:39,0
DA:40,0
LF:3
LH:0
BRF:0
BRH:0
end_of_record
TN:
SF:/Users/user/Sites/sc-forks/melonproject/protocol/contracts/governance/GovernanceProtocol.sol
FNF:0
FNH:0
LF:0
LH:0
BRF:0
BRH:0
end_of_record
TN:
SF:/Users/user/Sites/sc-forks/melonproject/protocol/contracts/governance/Version.sol
FN:44,isVaultOwner
FN:51,getLastVaultId
FN:52,getVault
FN:59,next_id
FN:65,Version
FN:67,createVault
FN:105,annihilateVault
FNF:7
FNH:7
FNDA:1,isVaultOwner
FNDA:1,getLastVaultId
FNDA:3,getVault
FNDA:1,next_id
FNDA:2,Version
FNDA:1,createVault
FNDA:1,annihilateVault
DA:45,1
DA:46,1
DA:53,3
DA:54,3
DA:81,1
DA:82,1
DA:94,1
DA:95,1
DA:96,1
DA:97,1
DA:98,1
DA:99,1
DA:100,1
DA:101,1
DA:109,1
DA:110,1
LF:16
LH:16
BRF:0
BRH:0
end_of_record
TN:
SF:/Users/user/Sites/sc-forks/melonproject/protocol/contracts/governance/VersionProtocol.sol
FN:7,numCreatedVaults
FN:8,getVault
FN:9,createVault
FN:20,annihilateVault
FNF:4
FNH:0
FNDA:0,numCreatedVaults
FNDA:0,getVault
FNDA:0,createVault
FNDA:0,annihilateVault
LF:0
LH:0
BRF:0
BRH:0
end_of_record
TN:
SF:/Users/user/Sites/sc-forks/melonproject/protocol/contracts/participation/Redeem.sol
FN:20,isPastZero
FN:26,Redeem
FN:30,redeemShares
FN:39,redeemSharesForReferenceAsset
FNF:4
FNH:3
FNDA:0,isPastZero
FNDA:1,Redeem
FNDA:1,redeemShares
FNDA:1,redeemSharesForReferenceAsset
DA:32,1
DA:33,1
DA:34,1
DA:41,1
DA:42,1
DA:43,1
DA:44,1
DA:47,1
LF:8
LH:8
BRF:0
BRH:0
end_of_record
TN:
SF:/Users/user/Sites/sc-forks/melonproject/protocol/contracts/participation/RedeemProtocol.sol
FNF:0
FNH:0
LF:0
LH:0
BRF:0
BRH:0
end_of_record
TN:
SF:/Users/user/Sites/sc-forks/melonproject/protocol/contracts/participation/Subscribe.sol
FN:26,isPastZero
FN:27,isAtLeast
FN:33,Subscribe
FN:41,createSharesWithReferenceAsset
FNF:4
FNH:3
FNDA:18,isPastZero
FNDA:0,isAtLeast
FNDA:1,Subscribe
FNDA:4,createSharesWithReferenceAsset
DA:44,4
DA:45,4
DA:47,4
DA:50,4
DA:51,2
DA:52,2
DA:53,10
DA:54,7
DA:55,3
DA:56,3
DA:60,2
DA:62,4
DA:63,4
LF:13
LH:13
BRDA:50,1,0,2
BRDA:50,1,1,2
BRDA:53,2,0,7
BRDA:53,2,1,3
BRF:4
BRH:4
end_of_record
TN:
SF:/Users/user/Sites/sc-forks/melonproject/protocol/contracts/participation/SubscribeProtocol.sol
FNF:0
FNH:0
LF:0
LH:0
BRF:0
BRH:0
end_of_record
TN:
SF:/Users/user/Sites/sc-forks/melonproject/protocol/contracts/riskmgmt/RiskMgmt.sol
FN:19,isExchangeMakePermitted
FN:29,isExchangeTakePermitted
FNF:2
FNH:1
FNDA:0,isExchangeMakePermitted
FNDA:3,isExchangeTakePermitted
LF:0
LH:0
BRF:0
BRH:0
end_of_record
TN:
SF:/Users/user/Sites/sc-forks/melonproject/protocol/contracts/riskmgmt/RiskMgmtProtocol.sol
FN:15,isExchangeMakePermitted
FN:29,isExchangeTakePermitted
FNF:2
FNH:0
FNDA:0,isExchangeMakePermitted
FNDA:0,isExchangeTakePermitted
LF:0
LH:0
BRF:0
BRH:0
end_of_record
TN:
SF:/Users/user/Sites/sc-forks/melonproject/protocol/contracts/riskmgmt/RiskMgmtV1.sol
FN:15,isExchangeMakePermitted
FN:25,isExchangeTakePermitted
FNF:2
FNH:0
FNDA:0,isExchangeMakePermitted
FNDA:0,isExchangeTakePermitted
LF:0
LH:0
BRF:0
BRH:0
end_of_record
TN:
SF:/Users/user/Sites/sc-forks/melonproject/protocol/contracts/universe/Universe.sol
FN:28,arrays_equal
FN:33,array_not_empty
FN:40,getReferenceAsset
FN:41,getMelonAsset
FN:42,numAssignedAssets
FN:43,assetAt
FN:44,priceFeedAt
FN:45,exchangeAt
FN:46,assetAvailability
FN:47,assignedPriceFeed
FN:48,assignedExchange
FN:53,Universe
FNF:12
FNH:10
FNDA:1,arrays_equal
FNDA:1,array_not_empty
FNDA:4,getReferenceAsset
FNDA:4,getMelonAsset
FNDA:24,numAssignedAssets
FNDA:96,assetAt
FNDA:60,priceFeedAt
FNDA:0,exchangeAt
FNDA:6,assetAvailability
FNDA:0,assignedPriceFeed
FNDA:6,assignedExchange
FNDA:1,Universe
DA:29,1
DA:30,1
DA:34,1
DA:35,1
DA:57,1
DA:58,1
DA:59,1
DA:60,5
DA:61,5
DA:62,5
DA:63,5
DA:64,5
DA:65,5
LF:13
LH:13
BRF:0
BRH:0
end_of_record
TN:
SF:/Users/user/Sites/sc-forks/melonproject/protocol/contracts/universe/UniverseProtocol.sol
FN:8,getReferenceAsset
FN:9,getMelonAsset
FN:10,numAssignedAssets
FN:11,assetAt
FN:12,priceFeedAt
FN:13,exchangeAt
FN:14,assetAvailability
FN:15,assignedPriceFeed
FN:16,assignedExchange
FNF:9
FNH:0
FNDA:0,getReferenceAsset
FNDA:0,getMelonAsset
FNDA:0,numAssignedAssets
FNDA:0,assetAt
FNDA:0,priceFeedAt
FNDA:0,exchangeAt
FNDA:0,assetAvailability
FNDA:0,assignedPriceFeed
FNDA:0,assignedExchange
LF:0
LH:0
BRF:0
BRH:0
end_of_record
TN:
SF:/Users/user/Sites/sc-forks/melonproject/protocol/contracts/Vault.sol
FN:72,notZero
FN:73,balancesOfHolderAtLeast
FN:77,getReferenceAsset
FN:78,getUniverseAddress
FN:79,getDecimals
FN:80,getBaseUnitsPerShare
FN:86,calcGav
FN:123,calcValuePerShare
FN:133,calcUnclaimedFees
FN:147,calcNav
FN:151,performCalculations
FN:161,getSliceForNumShares
FN:177,getRefPriceForNumShares
FN:186,Vault
FN:234,createShares
FN:238,annihilateShares
FN:242,createSharesOnBehalf
FN:251,annihilateSharesOnBehalf
FN:260,allocateSlice
FN:290,separateSlice
FN:314,makeOrder
FN:332,takeOrder
FN:356,cancelOrder
FN:365,requireIsWithinKnownUniverse
FN:380,approveSpending
FN:391,convertUnclaimedRewards
FNF:26
FNH:20
FNDA:29,notZero
FNDA:2,balancesOfHolderAtLeast
FNDA:5,getReferenceAsset
FNDA:0,getUniverseAddress
FNDA:0,getDecimals
FNDA:0,getBaseUnitsPerShare
FNDA:8,calcGav
FNDA:12,calcValuePerShare
FNDA:8,calcUnclaimedFees
FNDA:8,calcNav
FNDA:8,performCalculations
FNDA:2,getSliceForNumShares
FNDA:7,getRefPriceForNumShares
FNDA:4,Vault
FNDA:3,createShares
FNDA:1,annihilateShares
FNDA:7,createSharesOnBehalf
FNDA:2,annihilateSharesOnBehalf
FNDA:7,allocateSlice
FNDA:2,separateSlice
FNDA:0,makeOrder
FNDA:3,takeOrder
FNDA:0,cancelOrder
FNDA:3,requireIsWithinKnownUniverse
FNDA:3,approveSpending
FNDA:0,convertUnclaimedRewards
DA:99,8
DA:100,8
DA:102,40
DA:103,40
DA:105,40
DA:107,40
DA:108,40
DA:110,40
DA:111,40
DA:117,40
DA:128,12
DA:134,8
DA:135,8
DA:136,8
DA:137,8
DA:138,6
DA:139,6
DA:140,4
DA:142,8
DA:153,8
DA:154,8
DA:156,8
DA:165,2
DA:166,2
DA:167,10
DA:168,10
DA:169,10
DA:170,10
DA:171,10
DA:179,7
DA:180,7
DA:198,4
DA:199,4
DA:200,4
DA:201,4
DA:202,4
DA:203,4
DA:213,4
DA:214,4
DA:215,4
DA:217,4
DA:218,4
DA:219,20
DA:220,20
DA:221,20
DA:223,4
DA:224,4
DA:225,4
DA:226,4
DA:227,4
DA:245,7
DA:246,6
DA:254,2
DA:255,2
DA:263,7
DA:268,3
DA:271,4
DA:272,4
DA:273,16
DA:275,16
DA:278,5
DA:284,6
DA:285,6
DA:294,2
DA:296,2
DA:297,2
DA:299,2
DA:300,2
DA:301,10
DA:304,10
DA:325,0
DA:326,0
DA:327,0
DA:337,3
DA:341,3
DA:342,3
DA:343,3
DA:344,3
DA:349,3
DA:350,3
DA:351,3
DA:360,0
DA:369,3
DA:370,3
DA:374,3
DA:375,3
DA:383,3
DA:384,3
DA:394,0
DA:397,0
DA:398,0
DA:399,0
DA:402,0
DA:413,0
DA:414,0
LF:95
LH:84
BRDA:111,1,0,8
BRDA:111,1,1,32
BRDA:137,2,0,6
BRDA:137,2,1,2
BRDA:139,3,0,4
BRDA:139,3,1,2
BRDA:155,4,0,6
BRDA:155,4,1,2
BRDA:263,5,0,3
BRDA:263,5,1,4
BRDA:275,6,0,11
BRDA:275,6,1,5
BRDA:304,7,0,7
BRDA:304,7,1,3
BRF:14
BRH:14
end_of_record
TN:
SF:/Users/user/Sites/sc-forks/melonproject/protocol/contracts/VaultProtocol.sol
FN:14,getReferenceAsset
FN:15,getUniverseAddress
FN:16,getDecimals
FN:17,getCalculationsAtLastPayout
FN:18,getSliceForNumShares
FN:19,getBaseUnitsPerShare
FN:20,getRefPriceForNumShares
FN:21,calcGav
FN:22,calcValuePerShare
FN:23,calcUnclaimedFees
FN:24,calcNav
FN:25,performCalculations
FN:29,createShares
FN:30,annihilateShares
FN:31,createSharesOnBehalf
FN:32,annihilateSharesOnBehalf
FN:33,makeOrder
FN:39,takeOrder
FN:40,cancelOrder
FN:41,convertUnclaimedRewards
FNF:20
FNH:0
FNDA:0,getReferenceAsset
FNDA:0,getUniverseAddress
FNDA:0,getDecimals
FNDA:0,getCalculationsAtLastPayout
FNDA:0,getSliceForNumShares
FNDA:0,getBaseUnitsPerShare
FNDA:0,getRefPriceForNumShares
FNDA:0,calcGav
FNDA:0,calcValuePerShare
FNDA:0,calcUnclaimedFees
FNDA:0,calcNav
FNDA:0,performCalculations
FNDA:0,createShares
FNDA:0,annihilateShares
FNDA:0,createSharesOnBehalf
FNDA:0,annihilateSharesOnBehalf
FNDA:0,makeOrder
FNDA:0,takeOrder
FNDA:0,cancelOrder
FNDA:0,convertUnclaimedRewards
LF:0
LH:0
BRF:0
BRH:0
end_of_record
